###############################################################
#  Generated by:      Cadence Innovus 23.33-s082_1
#  OS:                Linux x86_64(Host ID nfdpcsr100)
#  Generated on:      Wed Jan 21 13:30:19 2026
#  Design:            CDN_104H_cdn_hs_phy_data_slice_EW
#  Command:           verifyTieCell -report IMP-8-0-0-12.rpt
###############################################################
Verify Tie Cell report created on Wed Jan 21 13:30:19 2026


Connection Viol:
	Tie cell violation at (158.688, 29.867) (158.689, 29.869) for pin PAD1_HV_IN_XTC of instance inst_data_path_top/inst_data_byte_macro/cdn_hs_phy_data_asic_pads/data_pad_7.
	Tie cell violation at (162.031, 2.356) (162.032, 2.357) for pin PAD2_HV_IN_XTC of instance inst_data_path_top/inst_data_byte_macro/cdn_hs_phy_data_asic_pads/data_pad_7.
	Tie cell violation at (158.688, 327.110) (158.689, 327.111) for pin PAD1_HV_IN_XTC of instance inst_data_path_top/inst_data_byte_macro/cdn_hs_phy_data_asic_pads/dqs_pad.
	Tie cell violation at (162.031, 270.262) (162.032, 270.262) for pin PAD2_HV_IN_XTC of instance inst_data_path_top/inst_data_byte_macro/cdn_hs_phy_data_asic_pads/dqs_pad.
	Tie cell violation at (158.688, 266.690) (158.689, 266.690) for pin PAD1_HV_IN_XTC of instance inst_data_path_top/inst_data_byte_macro/cdn_hs_phy_data_asic_pads/dm_pad.
	Tie cell violation at (162.031, 209.841) (162.032, 209.843) for pin PAD2_HV_IN_XTC of instance inst_data_path_top/inst_data_byte_macro/cdn_hs_phy_data_asic_pads/dm_pad.
	Tie cell violation at (158.688, 59.508) (158.689, 59.508) for pin PAD1_HV_IN_XTC of instance inst_data_path_top/inst_data_byte_macro/cdn_hs_phy_data_asic_pads/data_pad_6.
	Tie cell violation at (162.031, 31.995) (162.032, 31.997) for pin PAD2_HV_IN_XTC of instance inst_data_path_top/inst_data_byte_macro/cdn_hs_phy_data_asic_pads/data_pad_6.
	Tie cell violation at (158.688, 89.148) (158.689, 89.148) for pin PAD1_HV_IN_XTC of instance inst_data_path_top/inst_data_byte_macro/cdn_hs_phy_data_asic_pads/data_pad_5.
	Tie cell violation at (162.031, 61.636) (162.032, 61.636) for pin PAD2_HV_IN_XTC of instance inst_data_path_top/inst_data_byte_macro/cdn_hs_phy_data_asic_pads/data_pad_5.
	Tie cell violation at (158.688, 118.788) (158.689, 118.788) for pin PAD1_HV_IN_XTC of instance inst_data_path_top/inst_data_byte_macro/cdn_hs_phy_data_asic_pads/data_pad_4.
	Tie cell violation at (162.031, 91.276) (162.032, 91.276) for pin PAD2_HV_IN_XTC of instance inst_data_path_top/inst_data_byte_macro/cdn_hs_phy_data_asic_pads/data_pad_4.
	Tie cell violation at (158.688, 445.968) (158.689, 445.969) for pin PAD1_HV_IN_XTC of instance inst_data_path_top/inst_data_byte_macro/cdn_hs_phy_data_asic_pads/data_pad_3.
	Tie cell violation at (162.031, 418.456) (162.032, 418.457) for pin PAD2_HV_IN_XTC of instance inst_data_path_top/inst_data_byte_macro/cdn_hs_phy_data_asic_pads/data_pad_3.
	Tie cell violation at (158.688, 475.608) (158.689, 475.608) for pin PAD1_HV_IN_XTC of instance inst_data_path_top/inst_data_byte_macro/cdn_hs_phy_data_asic_pads/data_pad_2.
	Tie cell violation at (162.031, 448.096) (162.032, 448.096) for pin PAD2_HV_IN_XTC of instance inst_data_path_top/inst_data_byte_macro/cdn_hs_phy_data_asic_pads/data_pad_2.
	Tie cell violation at (158.688, 505.248) (158.689, 505.249) for pin PAD1_HV_IN_XTC of instance inst_data_path_top/inst_data_byte_macro/cdn_hs_phy_data_asic_pads/data_pad_1.
	Tie cell violation at (162.031, 477.736) (162.032, 477.737) for pin PAD2_HV_IN_XTC of instance inst_data_path_top/inst_data_byte_macro/cdn_hs_phy_data_asic_pads/data_pad_1.
	Tie cell violation at (158.688, 534.888) (158.689, 534.889) for pin PAD1_HV_IN_XTC of instance inst_data_path_top/inst_data_byte_macro/cdn_hs_phy_data_asic_pads/data_pad_0.
	Tie cell violation at (162.031, 507.375) (162.032, 507.377) for pin PAD2_HV_IN_XTC of instance inst_data_path_top/inst_data_byte_macro/cdn_hs_phy_data_asic_pads/data_pad_0.

Begin Summary
    20 total info(s) created.
      Number of connection  viol(s): 20
End Summary
