FAIL:IMP-10-0-0-12:Confirm the max_transition check result is clean.
IMP-10-0-0-12-ERROR01: Max_transition violations detected:
  Severity: Fail Occurrence: 18
  - FE_ECO_0828_fix_transC52_cmn_ref_clk_int/clk (view: at_speed_rcff_0p825v_125c_pcff_cmin_pcff3_hold, slack: -0.1323ns)
  - atb_0 (view: at_speed_rcff_0p825v_125c_pcff_cmin_pcff3_hold, slack: -0.4277ns)
  - atb_0 (view: func_rcff_0p825v_125c_pcff_cmin_pcff3_hold, slack: -0.4277ns)
  - atb_1 (view: at_speed_rcff_0p825v_125c_pcff_cmin_pcff3_hold, slack: -0.4285ns)
  - atb_1 (view: func_rcff_0p825v_125c_pcff_cmin_pcff3_hold, slack: -0.4285ns)
  - cmn_ref_clk_int (view: at_speed_rcff_0p825v_125c_pcff_cmin_pcff3_hold, slack: -0.0306ns)
  - cmnda_rext (view: at_speed_rcff_0p825v_125c_pcff_cmin_pcff3_hold, slack: -0.3666ns)
  - cmnda_rext (view: func_rcff_0p825v_125c_pcff_cmin_pcff3_hold, slack: -0.4666ns)
  - u_pma_top/u_pma_ana_wrapper/u_pma_ana/cmnda_ref_clk_int (view: at_speed_rcff_0p825v_125c_pcff_cmin_pcff3_hold, slack: -0.3306ns)
  - u_pma_top/u_pma_ana_wrapper/u_pma_ana/cmnda_ref_clk_int (view: func_rcff_0p825v_125c_pcff_cmin_pcff3_hold, slack: -0.0490ns)
  - u_pma_top/u_pma_ana_wrapper/u_pma_ana/cmnda_rext (view: at_speed_rcff_0p825v_125c_pcff_cmin_pcff3_hold, slack: -0.4166ns)
  - u_pma_top/u_pma_ana_wrapper/u_pma_ana/cmnda_rext (view: func_rcff_0p825v_125c_pcff_cmin_pcff3_hold, slack: -0.4666ns)
  - u_pma_top/u_pma_ana_wrapper/u_pma_ana/data_se_pd_ctrl (view: at_speed_rcff_0p825v_125c_pcff_cmin_pcff3_hold, slack: -0.0023ns)
  - u_pma_top/u_pma_ana_wrapper/u_pma_ana/data_se_pd_ctrl (view: func_rcff_0p825v_125c_pcff_cmin_pcff3_hold, slack: -0.0023ns)
  - u_pma_top/u_pma_ana_wrapper/u_pma_ana/pma_ana_data_m (view: at_speed_rcff_0p825v_125c_pcff_cmin_pcff3_hold, slack: -0.5108ns)
  - u_pma_top/u_pma_ana_wrapper/u_pma_ana/pma_ana_data_m (view: func_rcff_0p825v_125c_pcff_cmin_pcff3_hold, slack: -0.5108ns)
  - u_pma_top/u_pma_ana_wrapper/u_pma_ana/pma_ana_data_p (view: at_speed_rcff_0p825v_125c_pcff_cmin_pcff3_hold, slack: -0.5108ns)
  - u_pma_top/u_pma_ana_wrapper/u_pma_ana/pma_ana_data_p (view: func_rcff_0p825v_125c_pcff_cmin_pcff3_hold, slack: -0.5108ns)

