Job <9589381> is submitted to queue <pd>.
<<Waiting for dispatch ...>>
<<Starting on nfdpcsr311>>
Pegasus 24.11-e439 p+nG+RPG44KVHwTZ/ILP6A 2025-12-13 15:26:36 2878543 nfdpcsr311
Copyright 2025 Cadence Design Systems, Inc.
All rights reserved worldwide.

INFO:    Reading additional options from '/projects/TC72_DDR5_SF4X_Dragonfly_9600_80bit_PHY/common_scripts/FLOW/atlanta_cloud_setup/atlanta_resource.cfg'.
INFO:    Command Line Options: -c /projects/TC72_DDR5_SF4X_Dragonfly_9600_80bit_PHY/common_scripts/FLOW/atlanta_cloud_setup/atlanta_resource.cfg -drc /process/sec4/data/lpp/PEGASUS/FLT/V1.0.9.0/Include/ln04lpp.flt.pvtcl
INFO:    Launch host CPU: Model: Intel(R) Xeon(R) Platinum 8462Y+, OS: Red Hat Enterprise Linux release 8.6 (Ootpa), Logical cores: 64, Physical cores: 64, Cache: 61440 KB, CPU Speed: 2797.53 MHz
         Launch host Memory: MemTotal: 1031238 MB,  MemFree: 558922 MB,  SwapTotal: 4095 MB,  SwapFree: 0 MB,  VmallocTotal: 13421772799 MB,  VmallocUsed: 0 MB
INFO:    Current path: /projects/TC72_DDR5_SF4X_Dragonfly_9600_80bit_PHY/work/cdn_hs_phy_top/ericchou/signoff/signoff-eco-B1-fix-1213/pvs_run/FLTwD
INFO:    Run directory same as current path
INFO:    Log directory: /projects/TC72_DDR5_SF4X_Dragonfly_9600_80bit_PHY/work/cdn_hs_phy_top/ericchou/signoff/signoff-eco-B1-fix-1213/pvs_run/FLTwD/pegasus-1765619796-nfdpcsr311-2878543
INFO:    Setting LAYOUT_PATH to /projects/TC72_DDR5_SF4X_Dragonfly_9600_80bit_PHY/work/cdn_hs_phy_top/ericchou/signoff/signoff-eco-B1-fix-1213/dbs/cdn_hs_phy_top.wIPTAG.oas
INFO:    Setting LAYOUT_PRIMARY to *
INFO:    PVL parsing results:
INFO:    See /projects/TC72_DDR5_SF4X_Dragonfly_9600_80bit_PHY/work/cdn_hs_phy_top/ericchou/signoff/signoff-eco-B1-fix-1213/pvs_run/FLTwD/pegasus-1765619796-nfdpcsr311-2878543/pvl.log for additional details
INFO:    Worker 1 started on host nfdpcsr311 with 16 threads
         CPU: Model: Intel(R) Xeon(R) Platinum 8462Y+, OS: Red Hat Enterprise Linux release 8.6 (Ootpa), Logical cores: 64, Physical cores: 64, Cache: 61440 KB, CPU Speed: 2800 MHz
         Memory: MemTotal: 1031238 MB,  MemFree: 558740 MB,  SwapTotal: 4095 MB,  SwapFree: 0 MB,  VmallocTotal: 13421772799 MB,  VmallocUsed: 0 MB
INFO:    Checking out 4 license(s) of feature: 'Pegasus_DRC' version 24.1
INFO:    License checkout successful ... 2025-12-13 15:26:40 (0s) (License)
INFO:    Checking out 1 license(s) of feature: 'Pegasus_mature_node' version 24.1
INFO:    License checkout successful ... 2025-12-13 15:26:40 (0s) (License)
INFO:    Worker 2 started on host atlfsr-160 with 48 threads
         CPU: Model: Intel(R) Xeon(R) Platinum 8468, OS: Red Hat Enterprise Linux release 8.8 (Ootpa), Logical cores: 96, Physical cores: 96, Cache: 107520 KB, CPU Speed: 2100 MHz
         Memory: MemTotal: 2063251 MB,  MemFree: 2045781 MB,  SwapTotal: 131071 MB,  SwapFree: 131063 MB,  VmallocTotal: 13421772799 MB,  VmallocUsed: 482 MB
INFO:    Status: Running preprocessing as of 2025-12-13 15:27:36   Elapsed: 00:01:00   CPU time[s]: 164
         Worker: Active Threads  Total Mem[MB]  Active Mem[MB]  CPU time[s]
              1:     2 /  16             2064             748          125
              2:     1 /  48             5543            4792           39
INFO:    Status: Running preprocessing as of 2025-12-13 15:28:36   Elapsed: 00:02:00   CPU time[s]: 347
         Worker: Active Threads  Total Mem[MB]  Active Mem[MB]  CPU time[s]
              1:     1 /  16             2214            1162          256
              2:     2 /  48            10496            9718           91
INFO:    Oasis input summary
         File name: /projects/TC72_DDR5_SF4X_Dragonfly_9600_80bit_PHY/work/cdn_hs_phy_top/ericchou/signoff/signoff-eco-B1-fix-1213/dbs/cdn_hs_phy_top.wIPTAG.oas
         File size: 1365491884
         Version: 1.0
         Last modified: 2025-12-13 15:26:30
         Last accessed: 2025-12-13 15:26:40
         Database unit in user units: 0.00025
         Database unit in meters: 2.5e-10
         Magnification: 1
INFO:    Status: Running preprocessing as of 2025-12-13 15:29:36   Elapsed: 00:03:00   CPU time[s]: 413
         Worker: Active Threads  Total Mem[MB]  Active Mem[MB]  CPU time[s]
              1:     0 /  16             2214               1          265
              2:     5 /  48            16257           15379          148
INFO:    CHIP EXTENT: 0 -132000 16064160 11580000
INFO:    Status: Running preprocessing as of 2025-12-13 15:30:37   Elapsed: 00:04:00   CPU time[s]: 1330
         Worker: Active Threads  Total Mem[MB]  Active Mem[MB]  CPU time[s]
              1:     0 /  16             2214               1          265
              2:    18 /  48            24317           19793         1065
INFO:    Status: Running preprocessing as of 2025-12-13 15:31:37   Elapsed: 00:05:00   CPU time[s]: 3485
         Worker: Active Threads  Total Mem[MB]  Active Mem[MB]  CPU time[s]
              1:     0 /  16             2214               7          265
              2:    48 /  48            28900           18251         3220
INFO:    Status: Running preprocessing as of 2025-12-13 15:32:37   Elapsed: 00:06:00   CPU time[s]: 4350
         Worker: Active Threads  Total Mem[MB]  Active Mem[MB]  CPU time[s]
              1:     0 /  16             2214               0          265
              2:    38 /  48            28899           11472         4085
INFO:    Rule RDB_Generation_For_Spacing_Check completed with no violations, 1/15
INFO:    Status: Runset 44% complete as of 2025-12-13 15:33:37   Elapsed: 00:07:00   CPU time[s]: 5962
         Worker: Active Threads  Total Mem[MB]  Active Mem[MB]  CPU time[s]
              1:     0 /  16             2214               0          265
              2:    48 /  48            28939           12177         5697
INFO:    Status: Runset 51% complete as of 2025-12-13 15:34:37   Elapsed: 00:08:00   CPU time[s]: 8885
         Worker: Active Threads  Total Mem[MB]  Active Mem[MB]  CPU time[s]
              1:     0 /  16             2214               0          266
              2:    48 /  48            28939           14607         8619
INFO:    Checking out 1 license(s) of feature: 'Pegasus_CPU_Accel' version 24.1
INFO:    License checkout successful ... 2025-12-13 15:35:09 (0s) (License)
INFO:    Worker 3 started on host atlfsr-183 with 48 threads
         CPU: Model: Intel(R) Xeon(R) Platinum 8468, OS: Red Hat Enterprise Linux release 8.6 (Ootpa), Logical cores: 96, Physical cores: 96, Cache: 107520 KB, CPU Speed: 2100 MHz
         Memory: MemTotal: 2063320 MB,  MemFree: 1994313 MB,  SwapTotal: 131071 MB,  SwapFree: 130088 MB,  VmallocTotal: 13421772799 MB,  VmallocUsed: 0 MB
INFO:    Status: Runset 60% complete as of 2025-12-13 15:35:37   Elapsed: 00:09:00   CPU time[s]: 11730
         Worker: Active Threads  Total Mem[MB]  Active Mem[MB]  CPU time[s]
              1:     0 /  16             2214               0          266
              2:    48 /  48            28939           15510        11449
              3:     1 /  48             2815            1826           15
INFO:    Status: Runset 74% complete as of 2025-12-13 15:36:37   Elapsed: 00:10:00   CPU time[s]: 16907
         Worker: Active Threads  Total Mem[MB]  Active Mem[MB]  CPU time[s]
              1:     0 /  16             2214               0          266
              2:    38 /  48            28939           16351        14228
              3:    41 /  48            12006           10943         2413
INFO:    Status: Runset 77% complete as of 2025-12-13 15:37:37   Elapsed: 00:11:00   CPU time[s]: 19912
         Worker: Active Threads  Total Mem[MB]  Active Mem[MB]  CPU time[s]
              1:     0 /  16             2214               0          266
              2:    16 /  48            28939           12276        15978
              3:    26 /  48            14097           11871         3668
INFO:    Status: Runset 79% complete as of 2025-12-13 15:38:37   Elapsed: 00:12:01   CPU time[s]: 21678
         Worker: Active Threads  Total Mem[MB]  Active Mem[MB]  CPU time[s]
              1:     0 /  16             2214               0          266
              2:     9 /  48            28939            8595        16763
              3:     4 /  48            16907           11435         4649
INFO:    Status: Runset 80% complete as of 2025-12-13 15:39:37   Elapsed: 00:13:01   CPU time[s]: 22309
         Worker: Active Threads  Total Mem[MB]  Active Mem[MB]  CPU time[s]
              1:     0 /  16             2214               0          266
              2:     5 /  48            28979            6847        17136
              3:     4 /  48            16909            9436         4907
INFO:    Status: Runset 81% complete as of 2025-12-13 15:40:37   Elapsed: 00:14:01   CPU time[s]: 23039
         Worker: Active Threads  Total Mem[MB]  Active Mem[MB]  CPU time[s]
              1:     0 /  16             2214               0          266
              2:     9 /  48            28979           13497        17597
              3:     4 /  48            18187           15955         5176
INFO:    Status: Runset 81% complete as of 2025-12-13 15:41:37   Elapsed: 00:15:01   CPU time[s]: 23761
         Worker: Active Threads  Total Mem[MB]  Active Mem[MB]  CPU time[s]
              1:     0 /  16             2214               0          266
              2:     9 /  48            29022           16677        18117
              3:     5 /  48            18243           11130         5378
INFO:    Status: Runset 82% complete as of 2025-12-13 15:42:37   Elapsed: 00:16:01   CPU time[s]: 24186
         Worker: Active Threads  Total Mem[MB]  Active Mem[MB]  CPU time[s]
              1:     0 /  16             2214               0          266
              2:     4 /  48            29284           14372        18379
              3:     0 /  48            18253            9699         5541
INFO:    Received automatic request to drop worker 3.
INFO:    Status: Runset 82% complete as of 2025-12-13 15:43:37   Elapsed: 00:17:01   CPU time[s]: 24406
         Worker: Active Threads  Total Mem[MB]  Active Mem[MB]  CPU time[s]
              1:     0 /  16             2214               0          266
              2:     5 /  48            29294           14039        18595
              3:     0 /  48            18253            9773         5545  drop in progress...
INFO:    Checking in 1 Pegasus_CPU_Accel  license(s) (License)
INFO:    Status: Runset 82% complete as of 2025-12-13 15:44:38   Elapsed: 00:18:01   CPU time[s]: 24730
         Worker: Active Threads  Total Mem[MB]  Active Mem[MB]  CPU time[s]
              1:     0 /  16             2214               0          266
              2:     9 /  48            29294           15264        18893
INFO:    Status: Runset 82% complete as of 2025-12-13 15:45:38   Elapsed: 00:19:01   CPU time[s]: 25244
         Worker: Active Threads  Total Mem[MB]  Active Mem[MB]  CPU time[s]
              1:     0 /  16             2214               0          266
              2:     2 /  48            29294           12893        19407
INFO:    Status: Runset 82% complete as of 2025-12-13 15:46:38   Elapsed: 00:20:01   CPU time[s]: 25474
         Worker: Active Threads  Total Mem[MB]  Active Mem[MB]  CPU time[s]
              1:     0 /  16             2214               0          266
              2:     5 /  48            29294           12758        19637
INFO:    Status: Runset 82% complete as of 2025-12-13 15:47:38   Elapsed: 00:21:02   CPU time[s]: 25977
         Worker: Active Threads  Total Mem[MB]  Active Mem[MB]  CPU time[s]
              1:     0 /  16             2214               0          266
              2:     2 /  48            29294           14685        20140
INFO:    Status: Runset 82% complete as of 2025-12-13 15:48:38   Elapsed: 00:22:02   CPU time[s]: 26189
         Worker: Active Threads  Total Mem[MB]  Active Mem[MB]  CPU time[s]
              1:     0 /  16             2214               0          266
              2:     6 /  48            29294           12631        20352
INFO:    Status: Runset 82% complete as of 2025-12-13 15:49:38   Elapsed: 00:23:02   CPU time[s]: 26684
         Worker: Active Threads  Total Mem[MB]  Active Mem[MB]  CPU time[s]
              1:     0 /  16             2214               0          266
              2:     1 /  48            29294            7245        20847
INFO:    Status: Runset 83% complete as of 2025-12-13 15:50:39   Elapsed: 00:24:02   CPU time[s]: 26967
         Worker: Active Threads  Total Mem[MB]  Active Mem[MB]  CPU time[s]
              1:     0 /  16             2214               0          266
              2:     3 /  48            29294            8558        21130
INFO:    Status: Runset 84% complete as of 2025-12-13 15:51:39   Elapsed: 00:25:02   CPU time[s]: 27182
         Worker: Active Threads  Total Mem[MB]  Active Mem[MB]  CPU time[s]
              1:     0 /  16             2214               0          266
              2:     8 /  48            29294            6365        21345
INFO:    Status: Runset 86% complete as of 2025-12-13 15:52:39   Elapsed: 00:26:03   CPU time[s]: 29019
         Worker: Active Threads  Total Mem[MB]  Active Mem[MB]  CPU time[s]
              1:     0 /  16             2214               0          266
              2:    48 /  48            29294            8876        23182
INFO:    Rule FLTM.Hx.S.1_H2 completed with no violations, 2/15
INFO:    Status: Runset 93% complete as of 2025-12-13 15:53:39   Elapsed: 00:27:03   CPU time[s]: 31527
         Worker: Active Threads  Total Mem[MB]  Active Mem[MB]  CPU time[s]
              1:     0 /  16             2214               0          266
              2:    48 /  48            44728           28651        25690
INFO:    Status: Runset 93% complete as of 2025-12-13 15:54:39   Elapsed: 00:28:03   CPU time[s]: 34402
         Worker: Active Threads  Total Mem[MB]  Active Mem[MB]  CPU time[s]
              1:     0 /  16             2214               0          266
              2:    48 /  48            46887           17436        28565
INFO:    Rule FLTM.Hx.S.1_H1 completed with no violations, 3/15
INFO:    Rule FLTM.Dx.S.1_D10 completed with no violations, 4/15
INFO:    Rule FLTM.Dx.S.1_D6 completed with no violations, 5/15, remaining rules: FLTM.Dx.S.1_D11 FLTM.Dx.S.1_D12 FLTM.Dx.S.1_D7 FLTM.Dx.S.1_D8 FLTM.Dx.S.1_D9 FLTM.Fx.S.1_F4 FLTM.Fx.S.1_F5 FLTM.Mx.S.1_M1 FLTM.Mx.S.1_M2 FLTM.Mx.S.1_M3
INFO:    Rule FLTM.Dx.S.1_D7 completed with no violations, 6/15, remaining rules: FLTM.Dx.S.1_D11 FLTM.Dx.S.1_D12 FLTM.Dx.S.1_D8 FLTM.Dx.S.1_D9 FLTM.Fx.S.1_F4 FLTM.Fx.S.1_F5 FLTM.Mx.S.1_M1 FLTM.Mx.S.1_M2 FLTM.Mx.S.1_M3
INFO:    Rule FLTM.Dx.S.1_D8 completed with no violations, 7/15, remaining rules: FLTM.Dx.S.1_D11 FLTM.Dx.S.1_D12 FLTM.Dx.S.1_D9 FLTM.Fx.S.1_F4 FLTM.Fx.S.1_F5 FLTM.Mx.S.1_M1 FLTM.Mx.S.1_M2 FLTM.Mx.S.1_M3
INFO:    Rule FLTM.Dx.S.1_D11 completed with no violations, 8/15, remaining rules: FLTM.Dx.S.1_D12 FLTM.Dx.S.1_D9 FLTM.Fx.S.1_F4 FLTM.Fx.S.1_F5 FLTM.Mx.S.1_M1 FLTM.Mx.S.1_M2 FLTM.Mx.S.1_M3
INFO:    Rule FLTM.Dx.S.1_D12 completed with no violations, 9/15, remaining rules: FLTM.Dx.S.1_D9 FLTM.Fx.S.1_F4 FLTM.Fx.S.1_F5 FLTM.Mx.S.1_M1 FLTM.Mx.S.1_M2 FLTM.Mx.S.1_M3
INFO:    Status: Runset 95% complete as of 2025-12-13 15:55:39   Elapsed: 00:29:03   CPU time[s]: 36617
         Worker: Active Threads  Total Mem[MB]  Active Mem[MB]  CPU time[s]
              1:     0 /  16             2214               0          266
              2:    17 /  48            48583           13272        30780
INFO:    Rule FLTM.Dx.S.1_D9 completed with no violations, 10/15, remaining rules: FLTM.Fx.S.1_F4 FLTM.Fx.S.1_F5 FLTM.Mx.S.1_M1 FLTM.Mx.S.1_M2 FLTM.Mx.S.1_M3
INFO:    Status: Runset 95% complete as of 2025-12-13 15:56:39   Elapsed: 00:30:03   CPU time[s]: 38442
         Worker: Active Threads  Total Mem[MB]  Active Mem[MB]  CPU time[s]
              1:     0 /  16             2214               0          266
              2:    24 /  48            48587           14917        32605
INFO:    Rule FLTM.Fx.S.1_F5 completed with no violations, 11/15, remaining rules: FLTM.Fx.S.1_F4 FLTM.Mx.S.1_M1 FLTM.Mx.S.1_M2 FLTM.Mx.S.1_M3
INFO:    Rule FLTM.Fx.S.1_F4 completed with no violations, 12/15, remaining rules: FLTM.Mx.S.1_M1 FLTM.Mx.S.1_M2 FLTM.Mx.S.1_M3
INFO:    Status: Runset 96% complete as of 2025-12-13 15:57:40   Elapsed: 00:31:03   CPU time[s]: 39294
         Worker: Active Threads  Total Mem[MB]  Active Mem[MB]  CPU time[s]
              1:     0 /  16             2214               0          266
              2:    48 /  48            48587           20835        33457
INFO:    Rule FLTM.Mx.S.1_M3 completed with no violations, 13/15, remaining rules: FLTM.Mx.S.1_M1 FLTM.Mx.S.1_M2
INFO:    Status: Runset 96% complete as of 2025-12-13 15:58:40   Elapsed: 00:32:03   CPU time[s]: 40472
         Worker: Active Threads  Total Mem[MB]  Active Mem[MB]  CPU time[s]
              1:     0 /  16             2214               0          266
              2:     7 /  48            48741           11531        34635
INFO:    Status: Runset 97% complete as of 2025-12-13 15:59:40   Elapsed: 00:33:03   CPU time[s]: 40941
         Worker: Active Threads  Total Mem[MB]  Active Mem[MB]  CPU time[s]
              1:     0 /  16             2214               0          266
              2:    11 /  48            48741            7381        35104
INFO:    Rule FLTM.Mx.S.1_M2 completed with no violations, 14/15, remaining rules: FLTM.Mx.S.1_M1
INFO:    Status: Runset 97% complete as of 2025-12-13 16:00:40   Elapsed: 00:34:03   CPU time[s]: 41785
         Worker: Active Threads  Total Mem[MB]  Active Mem[MB]  CPU time[s]
              1:     0 /  16             2214               0          266
              2:     2 /  48            48741            6630        35948
INFO:    Status: Runset 97% complete as of 2025-12-13 16:01:40   Elapsed: 00:35:03   CPU time[s]: 41948
         Worker: Active Threads  Total Mem[MB]  Active Mem[MB]  CPU time[s]
              1:     0 /  16             2214               0          266
              2:     1 /  48            48741            7449        36111
INFO:    Status: Runset 97% complete as of 2025-12-13 16:02:40   Elapsed: 00:36:04   CPU time[s]: 42081
         Worker: Active Threads  Total Mem[MB]  Active Mem[MB]  CPU time[s]
              1:     0 /  16             2214               0          266
              2:     3 /  48            48741            7822        36244
INFO:    Status: Runset 97% complete as of 2025-12-13 16:03:40   Elapsed: 00:37:04   CPU time[s]: 42409
         Worker: Active Threads  Total Mem[MB]  Active Mem[MB]  CPU time[s]
              1:     0 /  16             2214               0          266
              2:     3 /  48            48741            8175        36572
INFO:    Status: Runset 98% complete as of 2025-12-13 16:04:40   Elapsed: 00:38:04   CPU time[s]: 42975
         Worker: Active Threads  Total Mem[MB]  Active Mem[MB]  CPU time[s]
              1:     0 /  16             2214               0          266
              2:    48 /  48            49172           23363        37138
INFO:    Status: Runset 98% complete as of 2025-12-13 16:05:40   Elapsed: 00:39:04   CPU time[s]: 45894
         Worker: Active Threads  Total Mem[MB]  Active Mem[MB]  CPU time[s]
              1:     0 /  16             2214               0          266
              2:    48 /  48            49188            7183        40057
INFO:    Status: Runset 98% complete as of 2025-12-13 16:06:40   Elapsed: 00:40:04   CPU time[s]: 48717
         Worker: Active Threads  Total Mem[MB]  Active Mem[MB]  CPU time[s]
              1:     0 /  16             2214               0          266
              2:    48 /  48            49202           17974        42880
INFO:    Status: Runset 98% complete as of 2025-12-13 16:07:40   Elapsed: 00:41:04   CPU time[s]: 51565
         Worker: Active Threads  Total Mem[MB]  Active Mem[MB]  CPU time[s]
              1:     0 /  16             2214               0          266
              2:    48 /  48            49202           23334        45728
INFO:    Checking out 1 license(s) of feature: 'Pegasus_CPU_Accel' version 24.1
INFO:    License checkout successful ... 2025-12-13 16:08:27 (0s) (License)
INFO:    Worker 4 started on host atlfsr-170 with 48 threads
         CPU: Model: Intel(R) Xeon(R) Platinum 8468, OS: Red Hat Enterprise Linux release 8.6 (Ootpa), Logical cores: 96, Physical cores: 96, Cache: 107520 KB, CPU Speed: 2100 MHz
         Memory: MemTotal: 2063167 MB,  MemFree: 2057452 MB,  SwapTotal: 131071 MB,  SwapFree: 127431 MB,  VmallocTotal: 13421772799 MB,  VmallocUsed: 0 MB
INFO:    Status: Runset 98% complete as of 2025-12-13 16:08:41   Elapsed: 00:42:04   CPU time[s]: 54489
         Worker: Active Threads  Total Mem[MB]  Active Mem[MB]  CPU time[s]
              1:     0 /  16             2214               0          266
              2:    48 /  48            49206           10246        48652
              4:     0 /  48              634               0            0
INFO:    Status: Runset 98% complete as of 2025-12-13 16:09:41   Elapsed: 00:43:04   CPU time[s]: 57343
         Worker: Active Threads  Total Mem[MB]  Active Mem[MB]  CPU time[s]
              1:     0 /  16             2214               0          266
              2:    48 /  48            49206           26134        51505
              4:     0 /  48              981             250            1
INFO:    Status: Runset 98% complete as of 2025-12-13 16:10:41   Elapsed: 00:44:05   CPU time[s]: 60219
         Worker: Active Threads  Total Mem[MB]  Active Mem[MB]  CPU time[s]
              1:     0 /  16             2214               0          266
              2:    48 /  48            49206           28013        54377
              4:     0 /  48             2077            1320            5
INFO:    Status: Runset 99% complete as of 2025-12-13 16:11:41   Elapsed: 00:45:05   CPU time[s]: 63043
         Worker: Active Threads  Total Mem[MB]  Active Mem[MB]  CPU time[s]
              1:     0 /  16             2214               0          266
              2:    33 /  48            49206           10858        57189
              4:     7 /  48             3043             846           17
INFO:    Rule FLTM.Mx.S.1_M1 completed with no violations, 15/15
INFO:    Status: Runset Finished as of 2025-12-13 16:12:16   Elapsed: 00:45:40   CPU time[s]: 63314
INFO:    Resource usage by worker at exit:
                  CPU      Elapsed  Threads    CPU       Peak Total  Peak Active
         Worker:  time[s]  time[s]  Allocated  usage[%]  Memory[MB]  Memory[MB]
              1:      266     2736         16      0.61        2214         1234
              2:    57409     2731         48     43.79       49206        47422
              3:     5571      506         48     22.94       19011        17274
              4:       68      221         48      0.64        3055         2316
         Worker resource usage  summary: Total CPU[s]: 63314  Run duration[s]: 2736  Max peak memory[MB]: 49206
         Worker CPU utilization summary: 63314 of 209760 available CPU seconds (30.18%) with 77 average available CPUs
INFO:    Generating summary in /projects/TC72_DDR5_SF4X_Dragonfly_9600_80bit_PHY/work/cdn_hs_phy_top/ericchou/signoff/signoff-eco-B1-fix-1213/pvs_run/FLTwD/FLT.sum
INFO:    All selected rules completed
         Total CPU Time                    : 63314(s)
         Total Real Time                   : 2736(s)
         Total Original Geometry           : 881566597 (12418486044)
         Total DRC RuleChecks              : 15
         Total DRC Results                 : 0 (0)
         ASCII report database is /projects/TC72_DDR5_SF4X_Dragonfly_9600_80bit_PHY/work/cdn_hs_phy_top/ericchou/signoff/signoff-eco-B1-fix-1213/pvs_run/FLTwD/FLT.db
INFO:    Checking in all SoftShare licenses.

[INPUT ERROR] Cell pm26 is referenced, but does not exist.
Error: Pegasus exception during compilation (Worker 1)
[ERROR] Invalid option. 
ERROR: Terminating run, encountered unrecoverable error on Worker 2
ERROR: Run completed with errors due to worker failures
ERROR:   Terminating run, encountered unrecoverable layer loss
ERROR: Assertion exception during computation (Worker 2)


WARNING: Worker 1 killed by external signal [9]
WARNING: Results for rule floating.nxwell_float are lost
Warning: Encountered problems with Worker 1, attempting recovery...

WARNING: GDR-00003
Version of status file is obsolete. Statuses and notes won't be applied

[WARN] same label "x" for multiple nets, it is assigned to net x
[WARN] different labels for net x , it is assigned to "X"
[WARN] Unattached port label

INFO: Diagnostic info
"5/Pn84AAAAAAAAAAfQjiH4G2zOOGJMx+W/II9a4gMrQnipwDP4HBrbZQJq2eYQs7O6oy3vnVqULOyRk5z0h ……"
(Worker 2)



Pegasus finished normally. 2025-12-13 16:12:17
