Flowtool
Copyright 2025 Cadence Design Systems Inc.  All rights reserved worldwide

Command:   -be_a_tool -log /projects/ucie_t3_pd/FRONT_END/work/yyin/NU/work/phy_cmn_phase_align_digtop/yuyin_test_run_5/logs/.all_logs/syn_opt.lec.20250908_133859 -execute 'if {[catch {init_flow  {flow_script /projects/ucie_t3_pd/FRONT_END/work/yyin/NU/work/phy_cmn_phase_align_digtop/yuyin_test_run_5/prep_flow/flow.yaml yaml_script {} flow_no_check 0 parent_uuid {} previous_uuid {} top_dir /projects/ucie_t3_pd/FRONT_END/work/yyin/NU/work/phy_cmn_phase_align_digtop/yuyin_test_run_5/flowtool flow_dir ./. status_file /projects/ucie_t3_pd/FRONT_END/work/yyin/NU/work/phy_cmn_phase_align_digtop/yuyin_test_run_5/flowtool/flow.status.d/syn_opt.lec.20250908_133859 metrics_file /projects/ucie_t3_pd/FRONT_END/work/yyin/NU/work/phy_cmn_phase_align_digtop/yuyin_test_run_5/flowtool/flow.metrics.d/syn_opt.lec.20250908_133859 run_tag {} db {cdb /projects/ucie_t3_pd/FRONT_END/work/yyin/NU/work/phy_cmn_phase_align_digtop/yuyin_test_run_5/data/syn_opt.20250908_133242/dbs/syn_opt.block_finish.cdb phy_cmn_phase_align_digtop {}} db_is_ref_run 0 branch {} caller_data {group 5 process_branch 6 trunk_process 0 flowtool_hostname nfdpc206 flowtool_pid 107514} flow {flow flow:lec tool flowtool tool_options {} no_sync 1 sync 0 db {cdb ../data/syn_opt.20250908_133242/dbs/syn_opt.block_finish.cdb phy_cmn_phase_align_digtop {}} dir ./. branch {} caller_data {group 5 process_branch 6} include_in_metrics 0 parent_uuid {} after {} defer 0 child_of {flow:flow_current flow:full_flow flow:synthesis flow:syn_opt} ref_metrics_file flow.metrics.d/genus.syn_opt.20250908_132612 ref_parent_channel file12} flow_name flow:lec first_step {tool flowtool flow flow:lec canonical_path {.steps flow_step:run_lec} step flow_step:run_lec features {} str run_lec child_of {flow:flow_current flow:full_flow flow:synthesis flow:syn_opt}} interactive 0 interactive_run 0 enabled_features {} inject_tcl {} trunk_process 0 aum_upload false tool_options {} overwrite 0 last_step {tool flowtool flow flow:lec canonical_path {.steps flow_step:report_finish} step flow_step:report_finish features {} str report_finish child_of {flow:flow_current flow:full_flow flow

init_flow summary:
  Flow script        : /projects/ucie_t3_pd/FRONT_END/work/yyin/NU/work/phy_cmn_phase_align_digtop/yuyin_test_run_5/prep_flow/flow.yaml
  YAML script        : 
  Flow               : flow:lec
  From               : run_lec
  To                 : report_finish
  Top directory      : /projects/ucie_t3_pd/FRONT_END/work/yyin/NU/work/phy_cmn_phase_align_digtop/yuyin_test_run_5/flowtool
  Working directory  : .
  Starting database  : /projects/ucie_t3_pd/FRONT_END/work/yyin/NU/work/phy_cmn_phase_align_digtop/yuyin_test_run_5/data/syn_opt.20250908_133242/dbs/syn_opt.block_finish.cdb
  Run tag            : 
  Branch name        : 
  Metrics file       : /projects/ucie_t3_pd/FRONT_END/work/yyin/NU/work/phy_cmn_phase_align_digtop/yuyin_test_run_5/flowtool/flow.metrics.d/syn_opt.lec.20250908_133859
  Status file        : /projects/ucie_t3_pd/FRONT_END/work/yyin/NU/work/phy_cmn_phase_align_digtop/yuyin_test_run_5/flowtool/flow.status.d/syn_opt.lec.20250908_133859
reading previous metrics...
Sourcing flow scripts...
Sourcing flow scripts done.
Begin steps for plugin point Cadence.plugin.flowkit.read_db.pre
flow step begin, but nu namespace is not there
#@ Begin verbose flow_step set_tool_verbose
@flow_step(set_tool_verbose)  2:      # set_db source_verbose false
@flow_step(set_tool_verbose)  3:      if {[get_db program_short_name] in {"genus" "joules"}} {
                                         set_db mesg_severity_downgrade true
                                         set_db iopt_stats 1
                                         set_db source_verbose true
                                         set_db source_verbose_info false
                                         set_db information_level 9
                                         set_db heartbeat 1200
                                         set_db heartbeat_print_date 1
                                      }
@flow_step(set_tool_verbose) 12:      set_db set_db_verbose false
@flow_step(set_tool_verbose) 13:      set_db flow_verbose false
@flow_step(set_tool_verbose) 15:      ## Set Messages
@flow_step(set_tool_verbose) 16:      foreach msg [::nu::get_flow_config -quiet message_severity warn] {
                                         if {[llength [get_db messages $msg]]} {
                                            set_db message:$msg .severity Warning
                                         }
                                      }


#@ Begin flow_step report_jedai.nu_update_metrics
[INFO] running /apps/ssg_tools/p4/nu_pkgs/main/bin/python3 /apps/ssg_tools/p4/nu_global/2025w23.1/utils/nu.py update-metrics --run_area /projects/ucie_t3_pd/FRONT_END/work/yyin/NU/work/phy_cmn_phase_align_digtop/yuyin_test_run_5 --stage syn_opt.lec
#@ End flow_step report_jedai.nu_update_metrics
      flow.cputime  flow.realtime  timing.setup.tns  timing.setup.wns  snapshot
UM:           1.76              9                                      nu_update_metrics
[INFO] No old run to delete
[INFO] No old log_file to delete
[INFO] No old logv_file to delete
[INFO] No old cmd_file to delete
[INFO] No old flowtool_log_file to delete
parent_flow: flow:flow_current flow:full_flow flow:synthesis flow:syn_opt
parent_flow is syn_opt
[INFO] pwd is /projects/ucie_t3_pd/FRONT_END/work/yyin/NU/work/phy_cmn_phase_align_digtop/yuyin_test_run_5/data/syn_opt.lec
[WARNING] logs/syn_opt.lec.log already exists (flow_step:report_finish)
[INFO] file doesnt exist and unable to touch file logv_file = 
[INFO] file doesnt exist and unable to touch file cmd_file = 
[WARNING] flowtool/syn_opt.lec.20250908_flow_status already exists (flow_step:report_finish)
[WARNING] flowtool/syn_opt.lec.20250908_flow_metric already exists (flow_step:report_finish)
Begin steps for plugin point Cadence.plugin.flowkit.flow.pre
[INFO] report_finish doesnt have any yaml attributes to set
#@ Begin flow_step check_db_post
#@ End flow_step check_db_post

// Command: report_black_box
0
// Command: report_modules
Golden:
   phy_cmn_phase_align_digtop 
      cdnsdru_accumulator_dyn_v0_phalign_mod_17_8h00 
         CDN_DP_add_unsigned_434 
         genus_inserted_cg_RC_CG_MOD_3 
      cdnsdru_cdrlf_ll_eye_plot_ctrl_v1_128_4 

