PASS:IMP-9-0-0-04:Confirm no physically open nets in QRC imcomplete net report.
IMP-9-0-0-04-WARN01: Unused waivers:
  Severity: Warn Occurrence: 2
  - inst_data_path_top/inst_data_byte_macro/FE_OFN11025_param_phy_rdlvl_rd4_mux_control_2
  - inst_data_path_top/inst_control_macro/debug_signal_unrouted
IMP-9-0-0-04-INFO01: Acceptable single-pin nets connected to physical wire:
  Severity: Info Occurrence: 20
  - inst_aging_lpi_clkswitch_phy/inst_aging_mux2/CTS_1
  - inst_data_path_top/inst_data_byte_macro/FE_OFN11022_param_phy_rdlvl_rd4_mux_control_2
  - inst_data_path_top/inst_data_byte_macro/FE_OFN11025_param_phy_rdlvl_rd4_mux_control_2
  - inst_data_path_top/inst_data_byte_macro/inst_bit_macro_dq3/inst_rddq/inst_rddq_input_macro/inst_rddq_slv_dly_macro_oh/inst_rddq_match_delay_line/UNCONNECTED84
  - inst_data_path_top/inst_data_byte_macro/inst_bit_macro_dq7/inst_rddq/inst_rddq_input_macro/inst_rddq_slv_dly_macro_oh/inst_rddq_dfe_fdbk_match_delay_line/inst_dly_clkgate_latn/n_1
  - inst_data_path_top/inst_data_byte_macro/inst_bit_macro_dq7/inst_rddq/inst_rddq_input_macro/inst_rddq_slv_dly_macro_oh/inst_rddq_match_delay_line/inst_ddl_fdbk_nand2_0/n_1
  - inst_data_path_top/inst_data_byte_macro/inst_bit_macro_dq7/inst_rddq/inst_rddq_input_macro/inst_rddq_slv_dly_macro_ol/inst_rddq_dfe_fdbk_delay_line/inst_generic_delay_line/UNCONNECTED92
  - inst_data_path_top/inst_data_byte_macro/inst_bit_macro_dq7/inst_rddq/inst_rddq_input_macro/inst_rddq_slv_dly_macro_ol/inst_rddq_match_delay_line/inst_ddl_fdbk_nand2_0/n_1
  - inst_data_path_top/inst_data_byte_macro/inst_bit_macro_dq7/inst_rddq/inst_rddq_input_macro/inst_rddq_slv_dly_macro_ol/inst_rddq_match_delay_line/inst_dly_clkgate_latn/n_1
  - inst_data_path_top/inst_data_byte_macro/inst_bit_macro_dq7/inst_wr_bit_slice/inst_slv_dly_macro/inst_generic_delay_line/UNCONNECTED114
  - inst_data_path_top/inst_data_byte_macro/inst_bit_macro_dqs/inst_rddqs/inst_rddqs_input_macro/inst_rddqs_base_slv_dly_macro/inst_rddqs_base_slv_dly_update/UNCONNECTED153
  - inst_data_path_top/inst_data_byte_macro/inst_bit_macro_dqs/inst_wr_bit_slice/inst_slv_dly_macro/inst_generic_delay_line/UNCONNECTED156
  - inst_data_path_top/inst_data_byte_macro/inst_bit_macro_dqs/inst_wr_bit_slice/inst_slv_dly_macro/inst_slv_dly_update/UNCONNECTED159
  - inst_data_path_top/inst_data_byte_macro/inst_bit_macro_dqs/inst_wr_bit_slice/inst_slv_dly_macro/inst_slv_dly_update/UNCONNECTED160
  - inst_data_path_top/inst_data_byte_macro/inst_bit_macro_dqs/inst_wr_bit_slice/inst_slv_dly_macro/inst_slv_dly_update/UNCONNECTED162
  - inst_data_path_top/inst_data_byte_macro/inst_bit_macro_dqs/inst_x4_rddqs/inst_rddqs_input_macro/inst_rddqs_base_slv_dly_macro/inst_rddqs_base_slv_dly_update/UNCONNECTED324
  - inst_data_path_top/inst_data_byte_macro/inst_bit_macro_dqs/inst_x4_rddqs/inst_rddqs_input_macro/inst_rddqs_base_slv_dly_macro/inst_rddqs_base_slv_dly_update/UNCONNECTED327
  - inst_data_path_top/inst_data_byte_macro/inst_bit_macro_dqs/inst_x4_rddqs/inst_rddqs_input_macro/inst_rddqs_base_slv_dly_macro/inst_rddqs_base_slv_dly_update/UNCONNECTED329
  - inst_data_path_top/inst_data_byte_macro/inst_bit_macro_dqs/inst_x4_rddqs/inst_rddqs_input_macro/inst_rddqs_base_slv_dly_macro/inst_rddqs_base_slv_dly_update/UNCONNECTED330
  - inst_data_path_top/inst_data_byte_macro/inst_bit_macro_dqs/inst_x4_rddqs/inst_rddqs_input_macro/inst_rddqs_base_slv_dly_macro/inst_rddqs_base_slv_dly_update/UNCONNECTED331

